<!--
This XML file includes a set of resources that test out difficult cases 
for servers to handle as part of a batch post
 -->
 
<feed xmlns="http://www.w3.org/2005/Atom" xmlns:gd="http://schemas.google.com/g/2005" xmlns:xsi="http://www.w3.org/2001/XMLSchema-instance" 
  xsi:schemaLocation="http://www.w3.org/2005/Atom ../../schema/fhir-atom.xsd">
	<title>FHIR Test Cases</title>
	<updated>2012-11-12T18:10:00Z</updated>
	<id>urn:uuid:b248b1b2-1686-4b94-9936-37d7a5f94b51</id>
	<link rel="self" href="http://www.hl7.org/fhir/test-cases.xml"/>
	
	<!-- 
	  the first pair of entries is a simple person resource, followed by 
	  the provenance for the resource. The provenance identifies the 
	  resource by it's randomly chosen identifier. The server has to reidentify
	  both the resources, and update the reference from the provenance resource
	  to the person resoure (and fill out the version)
    -->
	<entry>
		<title>test person</title>
		<link rel="self" href="http://www.hl7.org/fhir/test-cases.xml#1"/>
		<id>http://www.healthintersections.com.au/fhir/trash/person/@1</id>
		<updated>2012-11-12T18:10:00Z</updated>
		<author>
			<name>Grahame Grieve</name>
		</author>
		<category term="Person" scheme="http://hl7.org/fhir/resource-types"/>
		<content type="text/xml">
			<Person xmlns="http://hl7.org/fhir" xmlns:xhtml="http://www.w3.org/1999/xhtml">
			  <name>
				<family>Levin</family>
				<given>Henry</given>
			  </name>
			  <gender>
				<coding>
				  <system>urn:oid:2.16.840.1.113883.5.1</system>
				  <code>M</code>
				</coding>
			  </gender>
				<birthDate>1932-09-24</birthDate>
				<text>
					<status>generated</status>
					<xhtml:div>
					  <xhtml:p>Henry Levin</xhtml:p>
					</xhtml:div>
				</text>
			</Person>		
		</content>
		<summary type="xhtml">
			<xhtml:div xmlns:xhtml="http://www.w3.org/1999/xhtml">Enter Ellen, ElleSSN: 333777777</xhtml:div>
		</summary>
	</entry>
	<entry>
		<title>test person provenance</title>
		<link rel="self" href="http://www.hl7.org/fhir/test-cases.xml#2"/>
		<id>http://www.healthintersections.com.au/fhir/trash/provenance/@1</id>
		<updated>2012-11-12T18:120:00Z</updated>
		<author>
			<name>Grahame Grieve</name>
		</author>
		<category term="Person" scheme="http://hl7.org/fhir/resource-types"/>
		<content type="text/xml">
			<Provenance xmlns="http://hl7.org/fhir">
			  <target>
				<type>Person</type>
				<id>http://www.healthintersections.com.au/fhir/trash/person/@1</id>
			  </target>
			  <!-- nominal activity: editing the standard -->
			  <activity>
				<recorded>2012-11-12T18:16:00Z</recorded>
			  </activity>
			  <!-- author -->
			  <party>
				<type>
				  <system>http://hl7.org/fhir/provenance-participant-type</system>
				  <code>person</code>
				</type>
				<id>mailto:grahame@healthintersections.com.au</id>
				<role>
				  <system>http://hl7.org/fhir/provenance-participant-role</system>
				  <code>author</code>
				</role>
			  </party>
			  <text>
				<status>generated</status>
				<div xmlns="http://www.w3.org/1999/xhtml">Authored on 12-Nov 2011 by Grahame Grieve</div>
			  </text>
			</Provenance>
		</content>
		<summary type="xhtml">
			<xhtml:div xmlns:xhtml="http://www.w3.org/1999/xhtml">Enter Ellen, ElleSSN: 333777777</xhtml:div>
		</summary>
	</entry>
	
</feed>
